C51 COMPILER V9.01   LCD                                                                   12/24/2020 21:21:35 PAGE 1   


C51 COMPILER V9.01, COMPILATION OF MODULE LCD
OBJECT MODULE PLACED IN lcd.OBJ
COMPILER INVOKED BY: D:\keil4C51\C51\BIN\C51.exe lcd.c

line level    source

   1          #include "lcd.h"
   2          
   3          void Lcd1602_Delay1ms(uint c)   //误差 0us
   4          {
   5   1          uchar a,b;
   6   1              for (; c>0; c--)
   7   1              {
   8   2                       for (b=199;b>0;b--)
   9   2                       {
  10   3                              for(a=1;a>0;a--);
  11   3                       }      
  12   2              }
  13   1              
  14   1      }
  15          
  16          
  17          void LcdWriteCom(uchar com)       //写入命令
  18          {
  19   1              LCD1602_E = 0;   //使能清零
  20   1              LCD1602_RS = 0;  //选择写入命令
  21   1              LCD1602_RW = 0;  //选择写入
  22   1      
  23   1              LCD1602_DATAPINS = com; //由于4位的接线是接到P0口的高四位，所以传送高四位不用改
  24   1              Lcd1602_Delay1ms(1);
  25   1      
  26   1              LCD1602_E = 1;   //写入时序
  27   1              Lcd1602_Delay1ms(5);
  28   1              LCD1602_E = 0;
  29   1      
  30   1              LCD1602_DATAPINS = com << 4; //发送低四位
  31   1              Lcd1602_Delay1ms(1);
  32   1      
  33   1              LCD1602_E = 1;   //写入时序
  34   1              Lcd1602_Delay1ms(5);
  35   1              LCD1602_E = 0;
  36   1      }
  37                             
  38          
  39          void LcdWriteData(uchar dat)                    //写入数据
  40          {
  41   1              LCD1602_E = 0;    //使能清零
  42   1              LCD1602_RS = 1;   //选择写入数据
  43   1              LCD1602_RW = 0;   //选择写入
  44   1      
  45   1              LCD1602_DATAPINS = dat; //由于4位的接线是接到P0口的高四位，所以传送高四位不用改
  46   1              Lcd1602_Delay1ms(1);
  47   1      
  48   1              LCD1602_E = 1;    //写入时序
  49   1              Lcd1602_Delay1ms(5);
  50   1              LCD1602_E = 0;
  51   1      
  52   1              LCD1602_DATAPINS = dat << 4; //写入低四位
  53   1              Lcd1602_Delay1ms(1);
  54   1      
  55   1              LCD1602_E = 1;    //写入时序
C51 COMPILER V9.01   LCD                                                                   12/24/2020 21:21:35 PAGE 2   

  56   1              Lcd1602_Delay1ms(5);
  57   1              LCD1602_E = 0;
  58   1      }
  59          
  60          void LcdInit()                                            //LCD初始化子程序
  61          {
  62   1              LcdWriteCom(0x32);       //将8位总线转为4位总线
  63   1              LcdWriteCom(0x28);       //在四位线下的初始化
  64   1              LcdWriteCom(0x0c);  //开显示不显示光标
  65   1              LcdWriteCom(0x06);  //写一个指针加1
  66   1              LcdWriteCom(0x01);  //清屏
  67   1              LcdWriteCom(0x80);  //设置数据指针起点
  68   1              
  69   1      }
  70          


MODULE INFORMATION:   STATIC OVERLAYABLE
   CODE SIZE        =    120    ----
   CONSTANT SIZE    =   ----    ----
   XDATA SIZE       =   ----    ----
   PDATA SIZE       =   ----    ----
   DATA SIZE        =   ----    ----
   IDATA SIZE       =   ----    ----
   BIT SIZE         =   ----    ----
END OF MODULE INFORMATION.


C51 COMPILATION COMPLETE.  0 WARNING(S),  0 ERROR(S)
